<?xml version="1.0" encoding="UTF-8"?>
<testng-results ignored="0" total="1" passed="1" failed="0" skipped="0">
  <reporter-output>
  </reporter-output>
  <suite started-at="2025-05-06T19:19:41 IST" name="Default suite" finished-at="2025-05-06T19:20:29 IST" duration-ms="47419">
    <groups>
      <group name="cucumber">
        <method signature="AbstractTestNGCucumberTests.runScenario(io.cucumber.testng.PickleWrapper,io.cucumber.testng.FeatureWrapper)[pri:0, instance:runner.RunnerClass@2eae8e6e]" name="runScenario" class="io.cucumber.testng.AbstractTestNGCucumberTests"/>
      </group> <!-- cucumber -->
    </groups>
    <test started-at="2025-05-06T19:19:41 IST" name="Default test" finished-at="2025-05-06T19:20:29 IST" duration-ms="47419">
      <class name="runner.RunnerClass">
        <test-method is-config="true" signature="setUpClass(org.testng.ITestContext)[pri:0, instance:runner.RunnerClass@2eae8e6e]" started-at="2025-05-06T19:19:41 IST" name="setUpClass" finished-at="2025-05-06T19:19:43 IST" duration-ms="1408" status="PASS">
          <params>
            <param index="0">
              <value>
                <![CDATA[org.testng.TestRunner@5a08b084]]>
              </value>
            </param>
          </params>
          <reporter-output>
          </reporter-output>
        </test-method> <!-- setUpClass -->
        <test-method signature="runScenario(io.cucumber.testng.PickleWrapper,io.cucumber.testng.FeatureWrapper)[pri:0, instance:runner.RunnerClass@2eae8e6e]" started-at="2025-05-06T19:19:43 IST" name="runScenario" description="Runs Cucumber Scenarios" data-provider="scenarios" finished-at="2025-05-06T19:20:26 IST" duration-ms="43410" status="PASS">
          <params>
            <param index="0">
              <value>
                <![CDATA["Create Account name in Salesforce"]]>
              </value>
            </param>
            <param index="1">
              <value>
                <![CDATA["Create Account name and verify in Salesforce APplication"]]>
              </value>
            </param>
          </params>
          <reporter-output>
          </reporter-output>
        </test-method> <!-- runScenario -->
        <test-method is-config="true" signature="tearDownClass()[pri:0, instance:runner.RunnerClass@2eae8e6e]" started-at="2025-05-06T19:20:26 IST" name="tearDownClass" finished-at="2025-05-06T19:20:29 IST" duration-ms="2526" status="PASS">
          <reporter-output>
          </reporter-output>
        </test-method> <!-- tearDownClass -->
      </class> <!-- runner.RunnerClass -->
    </test> <!-- Default test -->
  </suite> <!-- Default suite -->
</testng-results>
